时间:2019-05-15 16:48:05,276日志内容:服务启动
-----------------------------------------

时间:2019-05-15 16:55:57,198日志内容:程序关闭
-----------------------------------------

时间:2019-05-15 17:03:11,767日志内容:服务启动
-----------------------------------------

时间:2019-05-15 17:12:10,286日志内容:程序关闭
-----------------------------------------

时间:2019-05-15 17:16:25,211日志内容:服务启动
-----------------------------------------

时间:2019-05-15 17:17:25,201日志内容:
-----------------------------------------

时间:2019-05-15 17:17:27,449日志内容:荣桓分馆设备ID2|时间从2019-05-15 16:17:25开始|到2019-05-15 17:17:25结束
-----------------------------------------

时间:2019-05-15 17:17:27,457日志内容:荣桓分馆设备ID7|时间从2019-05-15 16:17:25开始|到2019-05-15 17:17:25结束
-----------------------------------------

时间:2019-05-15 17:17:29,076日志内容:24小时1馆ID4|时间从2019-05-15 16:17:25开始|到2019-05-15 17:17:25结束
-----------------------------------------

时间:2019-05-15 17:17:30,834日志内容:24小时2馆ID6|时间从2019-05-15 16:17:25开始|到2019-05-15 17:17:25结束
-----------------------------------------

时间:2019-05-15 17:18:25,130日志内容:
-----------------------------------------

时间:2019-05-15 17:18:25,161日志内容:荣桓分馆设备ID2|时间从2019-05-15 16:18:25开始|到2019-05-15 17:18:25结束
-----------------------------------------

时间:2019-05-15 17:18:25,174日志内容:荣桓分馆设备ID7|时间从2019-05-15 16:18:25开始|到2019-05-15 17:18:25结束
-----------------------------------------

时间:2019-05-15 17:18:25,197日志内容:24小时1馆ID4|时间从2019-05-15 16:18:25开始|到2019-05-15 17:18:25结束
-----------------------------------------

时间:2019-05-15 17:18:25,218日志内容:24小时2馆ID6|时间从2019-05-15 16:18:25开始|到2019-05-15 17:18:25结束
-----------------------------------------

时间:2019-05-15 17:19:25,132日志内容:
-----------------------------------------

时间:2019-05-15 17:19:25,146日志内容:荣桓分馆设备ID2|时间从2019-05-15 16:19:25开始|到2019-05-15 17:19:25结束
-----------------------------------------

时间:2019-05-15 17:19:25,155日志内容:荣桓分馆设备ID7|时间从2019-05-15 16:19:25开始|到2019-05-15 17:19:25结束
-----------------------------------------

时间:2019-05-15 17:19:25,163日志内容:24小时1馆ID4|时间从2019-05-15 16:19:25开始|到2019-05-15 17:19:25结束
-----------------------------------------

时间:2019-05-15 17:19:25,174日志内容:24小时2馆ID6|时间从2019-05-15 16:19:25开始|到2019-05-15 17:19:25结束
-----------------------------------------

时间:2019-05-15 17:20:25,133日志内容:
-----------------------------------------

时间:2019-05-15 17:20:25,168日志内容:荣桓分馆设备ID2|时间从2019-05-15 16:20:25开始|到2019-05-15 17:20:25结束
-----------------------------------------

时间:2019-05-15 17:20:25,188日志内容:荣桓分馆设备ID7|时间从2019-05-15 16:20:25开始|到2019-05-15 17:20:25结束
-----------------------------------------

时间:2019-05-15 17:20:25,199日志内容:24小时1馆ID4|时间从2019-05-15 16:20:25开始|到2019-05-15 17:20:25结束
-----------------------------------------

时间:2019-05-15 17:20:25,208日志内容:24小时2馆ID6|时间从2019-05-15 16:20:25开始|到2019-05-15 17:20:25结束
-----------------------------------------

时间:2019-05-15 17:21:25,137日志内容:
-----------------------------------------

时间:2019-05-15 17:21:25,168日志内容:荣桓分馆设备ID2|时间从2019-05-15 16:21:25开始|到2019-05-15 17:21:25结束
-----------------------------------------

时间:2019-05-15 17:21:25,176日志内容:荣桓分馆设备ID7|时间从2019-05-15 16:21:25开始|到2019-05-15 17:21:25结束
-----------------------------------------

时间:2019-05-15 17:21:25,183日志内容:24小时1馆ID4|时间从2019-05-15 16:21:25开始|到2019-05-15 17:21:25结束
-----------------------------------------

时间:2019-05-15 17:21:25,191日志内容:24小时2馆ID6|时间从2019-05-15 16:21:25开始|到2019-05-15 17:21:25结束
-----------------------------------------

时间:2019-05-15 17:22:25,138日志内容:
-----------------------------------------

时间:2019-05-15 17:22:25,155日志内容:荣桓分馆设备ID2|时间从2019-05-15 16:22:25开始|到2019-05-15 17:22:25结束
-----------------------------------------

时间:2019-05-15 17:22:25,161日志内容:荣桓分馆设备ID7|时间从2019-05-15 16:22:25开始|到2019-05-15 17:22:25结束
-----------------------------------------

时间:2019-05-15 17:22:25,169日志内容:24小时1馆ID4|时间从2019-05-15 16:22:25开始|到2019-05-15 17:22:25结束
-----------------------------------------

时间:2019-05-15 17:22:25,178日志内容:24小时2馆ID6|时间从2019-05-15 16:22:25开始|到2019-05-15 17:22:25结束
-----------------------------------------

时间:2019-05-15 17:22:51,893日志内容:程序关闭
-----------------------------------------

